2025-08-11 15:48:20,072 - INFO - Fetching entity IDs from Supabase...
2025-08-11 15:48:20,823 - INFO -   Fetched 2000 entities so far...
2025-08-11 15:48:21,317 - INFO -   Fetched 3000 entities so far...
2025-08-11 15:48:21,933 - INFO - Fetched 3661 total entity IDs from Supabase
2025-08-11 15:48:21,933 - INFO - Checking which entities have already been scraped...
2025-08-11 16:09:17,476 - INFO - Found 3499 entities that haven't been scraped yet (out of 3661 total)
2025-08-11 16:09:17,517 - INFO - Checking which of 3499 entities have already been scraped...
2025-08-11 16:09:28,788 - INFO - Found 0 entities that have already been scraped
2025-08-11 16:09:28,793 - INFO - Processing 3499 entities with 10 workers
2025-08-11 16:09:28,810 - INFO - Fetching transactions for entity 91248...
2025-08-11 16:09:28,814 - INFO - Fetching transactions for entity 100017...
2025-08-11 16:09:28,815 - INFO - Fetching transactions for entity 100023...
2025-08-11 16:09:28,818 - INFO - Fetching transactions for entity 100027...
2025-08-11 16:09:28,818 - INFO - Fetching transactions for entity 100037...
2025-08-11 16:09:28,822 - INFO - Fetching transactions for entity 100056...
2025-08-11 16:09:28,823 - INFO - Fetching transactions for entity 100071...
2025-08-11 16:09:28,826 - INFO - Fetching transactions for entity 100077...
2025-08-11 16:09:28,828 - INFO - Fetching transactions for entity 100084...
2025-08-11 16:09:28,829 - INFO - Fetching transactions for entity 100085...
2025-08-11 16:09:29,119 - INFO - Entity 91248 has no transactions
2025-08-11 16:09:29,120 - INFO - Fetching transactions for entity 100086...
2025-08-11 16:09:29,139 - INFO - Entity 100017 has no transactions
2025-08-11 16:09:29,139 - INFO - Fetching transactions for entity 100099...
2025-08-11 16:09:29,140 - INFO - Entity 100023 has no transactions
2025-08-11 16:09:29,140 - INFO - Fetching transactions for entity 100102...
2025-08-11 16:09:29,144 - INFO - Entity 100027 has no transactions
2025-08-11 16:09:29,144 - INFO - Fetching transactions for entity 100124...
2025-08-11 16:09:29,175 - INFO - Entity 100056 has no transactions
2025-08-11 16:09:29,175 - INFO - Entity 100037 has no transactions
2025-08-11 16:09:29,175 - INFO - Fetching transactions for entity 100125...
2025-08-11 16:09:29,176 - INFO - Fetching transactions for entity 100146...
2025-08-11 16:09:29,180 - INFO - Entity 100071 has no transactions
2025-08-11 16:09:29,181 - INFO - Fetching transactions for entity 100154...
2025-08-11 16:09:29,208 - INFO - Entity 100085 has no transactions
2025-08-11 16:09:29,208 - INFO - Fetching transactions for entity 100157...
2025-08-11 16:09:29,231 - INFO - Entity 100086 has no transactions
2025-08-11 16:09:29,231 - INFO - Fetching transactions for entity 100162...
2025-08-11 16:09:29,245 - INFO - Entity 100077 has no transactions
2025-08-11 16:09:29,245 - INFO - Fetching transactions for entity 100163...
2025-08-11 16:09:29,255 - INFO - Entity 100124 has no transactions
2025-08-11 16:09:29,256 - INFO - Fetching transactions for entity 100165...
2025-08-11 16:09:29,261 - INFO - Entity 100102 has no transactions
2025-08-11 16:09:29,261 - INFO - Fetching transactions for entity 100171...
2025-08-11 16:09:29,292 - INFO - Entity 100084 has no transactions
2025-08-11 16:09:29,292 - INFO - Fetching transactions for entity 100172...
2025-08-11 16:09:29,295 - INFO - Entity 100146 has no transactions
2025-08-11 16:09:29,296 - INFO - Fetching transactions for entity 100175...
2025-08-11 16:09:29,296 - INFO - Entity 100125 has no transactions
2025-08-11 16:09:29,370 - INFO - Fetching transactions for entity 100180...
2025-08-11 16:09:29,389 - INFO - Entity 100154 has no transactions
2025-08-11 16:09:29,390 - INFO - Entity 100165 has no transactions
2025-08-11 16:09:29,393 - INFO - Fetching transactions for entity 100185...
2025-08-11 16:09:29,394 - INFO - Entity 100163 has no transactions
2025-08-11 16:09:29,396 - INFO - Fetching transactions for entity 100186...
2025-08-11 16:09:29,396 - INFO - Entity 100099 has no transactions
2025-08-11 16:09:29,404 - INFO - Entity 100172 has no transactions
2025-08-11 16:09:29,405 - INFO - Fetching transactions for entity 100187...
2025-08-11 16:09:29,407 - INFO - Fetching transactions for entity 100189...
2025-08-11 16:09:29,408 - INFO - Fetching transactions for entity 100190...
2025-08-11 16:09:29,486 - INFO - Entity 100180 has no transactions
2025-08-11 16:09:29,487 - INFO - Fetching transactions for entity 100191...
2025-08-11 16:09:29,501 - INFO - Entity 100175 has no transactions
2025-08-11 16:09:29,501 - INFO - Fetching transactions for entity 100193...
2025-08-11 16:09:29,511 - INFO - Entity 100185 has no transactions
2025-08-11 16:09:29,511 - INFO - Fetching transactions for entity 100194...
2025-08-11 16:09:29,512 - INFO - Entity 100186 has no transactions
2025-08-11 16:09:29,513 - INFO - Fetching transactions for entity 100196...
2025-08-11 16:09:29,517 - INFO - Entity 100162 has no transactions
2025-08-11 16:09:29,518 - INFO - Fetching transactions for entity 100197...
2025-08-11 16:09:29,537 - INFO - Entity 100190 has no transactions
2025-08-11 16:09:29,538 - INFO - Fetching transactions for entity 100198...
2025-08-11 16:09:29,538 - INFO - Entity 100187 has no transactions
2025-08-11 16:09:29,539 - INFO - Fetching transactions for entity 100203...
2025-08-11 16:09:29,542 - INFO - Entity 100157 has no transactions
2025-08-11 16:09:29,544 - INFO - Fetching transactions for entity 100205...
2025-08-11 16:09:29,546 - INFO - Entity 100189 has no transactions
2025-08-11 16:09:29,547 - INFO - Fetching transactions for entity 100209...
2025-08-11 16:09:29,582 - INFO - Entity 100171 has no transactions
2025-08-11 16:09:29,583 - INFO - Fetching transactions for entity 100218...
2025-08-11 16:09:29,623 - INFO - Entity 100191 has no transactions
2025-08-11 16:09:29,623 - INFO - Fetching transactions for entity 100220...
2025-08-11 16:09:29,630 - INFO - Entity 100196 has no transactions
2025-08-11 16:09:29,630 - INFO - Fetching transactions for entity 100225...
2025-08-11 16:09:29,634 - INFO - Entity 100193 has no transactions
2025-08-11 16:09:29,634 - INFO - Fetching transactions for entity 100242...
2025-08-11 16:09:29,641 - INFO - Entity 100194 has no transactions
2025-08-11 16:09:29,641 - INFO - Fetching transactions for entity 100278...
2025-08-11 16:09:29,654 - INFO - Entity 100197 has no transactions
2025-08-11 16:09:29,654 - INFO - Fetching transactions for entity 100289...
2025-08-11 16:09:29,665 - INFO - Entity 100205 has no transactions
2025-08-11 16:09:29,665 - INFO - Fetching transactions for entity 100290...
2025-08-11 16:09:29,672 - INFO - Entity 100198 has no transactions
2025-08-11 16:09:29,672 - INFO - Fetching transactions for entity 100306...
2025-08-11 16:09:29,672 - INFO - Entity 100209 has no transactions
2025-08-11 16:09:29,674 - INFO - Fetching transactions for entity 100324...
2025-08-11 16:09:29,677 - INFO - Entity 100218 has no transactions
2025-08-11 16:09:29,677 - INFO - Fetching transactions for entity 100332...
2025-08-11 16:09:29,683 - INFO - Entity 100203 has no transactions
2025-08-11 16:09:29,683 - INFO - Fetching transactions for entity 100342...
2025-08-11 16:09:29,707 - INFO - Entity 100220 has no transactions
2025-08-11 16:09:29,707 - INFO - Fetching transactions for entity 100358...
2025-08-11 16:09:29,739 - INFO - Entity 100278 has no transactions
2025-08-11 16:09:29,739 - INFO - Fetching transactions for entity 100454...
2025-08-11 16:09:29,751 - INFO - Entity 100225 has no transactions
2025-08-11 16:09:29,751 - INFO - Fetching transactions for entity 100500...
2025-08-11 16:09:29,769 - INFO - Entity 100289 has no transactions
2025-08-11 16:09:29,769 - INFO - Fetching transactions for entity 100508...
2025-08-11 16:09:29,781 - INFO - Entity 100324 has no transactions
2025-08-11 16:09:29,781 - INFO - Fetching transactions for entity 100516...
2025-08-11 16:09:29,782 - INFO - Entity 100332 has no transactions
2025-08-11 16:09:29,783 - INFO - Fetching transactions for entity 100522...
2025-08-11 16:09:29,792 - INFO - Entity 100342 has no transactions
2025-08-11 16:09:29,793 - INFO - Entity 100358 has no transactions
2025-08-11 16:09:29,793 - INFO - Fetching transactions for entity 100528...
2025-08-11 16:09:29,793 - INFO - Fetching transactions for entity 100541...
2025-08-11 16:09:29,847 - INFO - Entity 100454 has no transactions
2025-08-11 16:09:29,847 - INFO - Fetching transactions for entity 100549...
2025-08-11 16:09:29,865 - INFO - Entity 100500 has no transactions
2025-08-11 16:09:29,866 - INFO - Fetching transactions for entity 100565...
2025-08-11 16:09:30,017 - INFO - Entity 100549 has no transactions
2025-08-11 16:09:30,018 - INFO - Fetching transactions for entity 100570...
2025-08-11 16:09:30,133 - INFO - Entity 100570 has no transactions
2025-08-11 16:09:30,133 - INFO - Fetching transactions for entity 100583...
2025-08-11 16:09:30,241 - INFO - Entity 100583 has no transactions
2025-08-11 16:09:30,241 - INFO - Fetching transactions for entity 100595...
2025-08-11 16:09:30,245 - INFO - Entity 100508 has no transactions
2025-08-11 16:09:30,245 - INFO - Fetching transactions for entity 100601...
2025-08-11 16:09:30,273 - INFO - Entity 100516 has no transactions
2025-08-11 16:09:30,273 - INFO - Fetching transactions for entity 100604...
2025-08-11 16:09:30,284 - INFO - Entity 100522 has no transactions
2025-08-11 16:09:30,284 - INFO - Fetching transactions for entity 100605...
2025-08-11 16:09:30,321 - INFO - Entity 100541 has no transactions
2025-08-11 16:09:30,321 - INFO - Fetching transactions for entity 100607...
2025-08-11 16:09:30,356 - INFO - Entity 100595 has no transactions
2025-08-11 16:09:30,357 - INFO - Entity 100601 has no transactions
2025-08-11 16:09:30,357 - INFO - Fetching transactions for entity 100615...
2025-08-11 16:09:30,357 - INFO - Fetching transactions for entity 100617...
2025-08-11 16:09:30,371 - INFO - Entity 100290 has no transactions
2025-08-11 16:09:30,371 - INFO - Fetching transactions for entity 100621...
2025-08-11 16:09:30,392 - INFO - Entity 100242 has no transactions
2025-08-11 16:09:30,392 - INFO - Fetching transactions for entity 100622...
2025-08-11 16:09:30,405 - INFO - Entity 100306 has no transactions
2025-08-11 16:09:30,405 - INFO - Fetching transactions for entity 100624...
2025-08-11 16:09:30,409 - INFO - Entity 100528 has no transactions
2025-08-11 16:09:30,410 - INFO - Fetching transactions for entity 100625...
2025-08-11 16:09:30,540 - INFO - Entity 100604: 2226 transactions across 23 pages
2025-08-11 16:09:30,884 - INFO - Entity 100565 has no transactions
2025-08-11 16:09:30,884 - INFO - Fetching transactions for entity 100626...
2025-08-11 16:09:30,899 - INFO - Entity 100607: 27 transactions across 1 pages
2025-08-11 16:09:30,900 - INFO - Completed entity 100607: 27 transactions fetched
2025-08-11 16:09:30,901 - INFO - Fetching transactions for entity 100627...
2025-08-11 16:09:30,939 - INFO - Entity 100617: 254 transactions across 3 pages
2025-08-11 16:09:30,962 - INFO - Entity 100621: 1869 transactions across 19 pages
2025-08-11 16:09:31,018 - INFO - Entity 100624: 531 transactions across 6 pages
2025-08-11 16:09:31,028 - INFO - Entity 100627: 33 transactions across 1 pages
2025-08-11 16:09:31,028 - INFO - Completed entity 100627: 33 transactions fetched
2025-08-11 16:09:31,034 - INFO - Fetching transactions for entity 100630...
2025-08-11 16:09:31,108 - INFO - Entity 100625: 788 transactions across 8 pages
2025-08-11 16:09:31,210 - INFO - Entity 100630: 544 transactions across 6 pages
2025-08-11 16:09:31,624 - INFO - Entity 100615: 829 transactions across 9 pages
2025-08-11 16:09:32,001 - INFO - Completed entity 100617: 254 transactions fetched
2025-08-11 16:09:32,011 - INFO - Fetching transactions for entity 100632...
2025-08-11 16:09:32,468 - INFO - Entity 100622: 68549 transactions across 686 pages
2025-08-11 16:09:32,841 - INFO - Entity 100626: 48705 transactions across 488 pages
2025-08-11 16:09:35,365 - INFO - Entity 100605: 234109 transactions across 2342 pages
2025-08-11 16:09:35,582 - INFO - Completed entity 100624: 531 transactions fetched
2025-08-11 16:09:35,599 - INFO - Fetching transactions for entity 100633...
2025-08-11 16:09:35,755 - INFO - Entity 100633 has no transactions
2025-08-11 16:09:35,755 - INFO - Fetching transactions for entity 100635...
2025-08-11 16:09:36,308 - INFO - Entity 100635: 1088 transactions across 11 pages
2025-08-11 16:09:36,825 - INFO - Completed entity 100630: 544 transactions fetched
2025-08-11 16:09:36,842 - INFO - Fetching transactions for entity 100636...
2025-08-11 16:09:37,368 - INFO - Entity 100636: 2258 transactions across 23 pages
2025-08-11 16:09:38,638 - INFO -   Entity 100621: Fetched page 10/19
2025-08-11 16:09:39,662 - INFO - Completed entity 100615: 829 transactions fetched
2025-08-11 16:09:39,688 - INFO - Fetching transactions for entity 100637...
2025-08-11 16:09:39,908 - INFO - Entity 100632: 310 transactions across 4 pages
2025-08-11 16:09:41,560 - INFO - Entity 100637: 1163 transactions across 12 pages
2025-08-11 16:09:41,786 - INFO -   Entity 100604: Fetched page 10/23
2025-08-11 16:09:42,458 - INFO -   Entity 100635: Fetched page 10/11
2025-08-11 16:09:42,878 - INFO - Completed entity 100635: 1088 transactions fetched
2025-08-11 16:09:42,909 - INFO - Fetching transactions for entity 100638...
2025-08-11 16:09:43,514 - INFO - Entity 100638: 54 transactions across 1 pages
2025-08-11 16:09:43,514 - INFO - Completed entity 100638: 54 transactions fetched
2025-08-11 16:09:43,517 - INFO - Fetching transactions for entity 100639...
2025-08-11 16:09:43,793 - INFO - Completed entity 100632: 310 transactions fetched
2025-08-11 16:09:43,810 - INFO - Fetching transactions for entity 100642...
2025-08-11 16:09:44,085 - INFO - Entity 100639: 265 transactions across 3 pages
2025-08-11 16:09:44,206 - INFO - Completed entity 100625: 788 transactions fetched
2025-08-11 16:09:44,229 - INFO - Fetching transactions for entity 100647...
2025-08-11 16:09:44,362 - INFO - Entity 100647 has no transactions
2025-08-11 16:09:44,363 - INFO - Fetching transactions for entity 100648...
2025-08-11 16:09:44,389 - INFO - Entity 100642: 1229 transactions across 13 pages
2025-08-11 16:09:44,497 - INFO - Entity 100648: 3 transactions across 1 pages
2025-08-11 16:09:44,498 - INFO - Completed entity 100648: 3 transactions fetched
2025-08-11 16:09:44,499 - INFO - Fetching transactions for entity 100649...
2025-08-11 16:09:45,114 - INFO - Entity 100649: 485 transactions across 5 pages
2025-08-11 16:09:45,532 - INFO - Completed entity 100639: 265 transactions fetched
2025-08-11 16:09:45,544 - INFO - Fetching transactions for entity 100650...
2025-08-11 16:09:46,567 - INFO - Entity 100650: 829 transactions across 9 pages
2025-08-11 16:09:48,071 - INFO - Completed entity 100621: 1869 transactions fetched
2025-08-11 16:09:48,125 - INFO - Fetching transactions for entity 100651...
2025-08-11 16:09:48,128 - INFO -   Entity 100636: Fetched page 10/23
2025-08-11 16:09:48,329 - INFO - Entity 100651: 16 transactions across 1 pages
2025-08-11 16:09:48,329 - INFO - Completed entity 100651: 16 transactions fetched
2025-08-11 16:09:48,330 - INFO - Fetching transactions for entity 100652...
2025-08-11 16:09:48,445 - INFO - Entity 100652 has no transactions
2025-08-11 16:09:48,445 - INFO - Fetching transactions for entity 100653...
2025-08-11 16:09:49,022 - INFO -   Entity 100604: Fetched page 20/23
2025-08-11 16:09:49,570 - INFO - Entity 100653: 2480 transactions across 25 pages
2025-08-11 16:09:50,520 - INFO - Completed entity 100604: 2226 transactions fetched
2025-08-11 16:09:50,588 - INFO - Fetching transactions for entity 100654...
2025-08-11 16:09:51,060 - INFO -   Entity 100626: Fetched page 10/488
2025-08-11 16:09:51,137 - INFO -   Entity 100642: Fetched page 10/13
2025-08-11 16:09:51,363 - INFO - Entity 100654: 634 transactions across 7 pages
2025-08-11 16:09:52,842 - INFO -   Entity 100637: Fetched page 10/12
2025-08-11 16:09:52,858 - INFO - Completed entity 100642: 1229 transactions fetched
2025-08-11 16:09:52,892 - INFO - Fetching transactions for entity 100666...
2025-08-11 16:09:53,336 - INFO - Entity 100666: 857 transactions across 9 pages
2025-08-11 16:09:53,508 - INFO - Completed entity 100637: 1163 transactions fetched
2025-08-11 16:09:53,546 - INFO - Fetching transactions for entity 100667...
2025-08-11 16:09:53,661 - INFO - Entity 100667 has no transactions
2025-08-11 16:09:53,661 - INFO - Fetching transactions for entity 100670...
2025-08-11 16:09:54,663 - INFO - Entity 100670 has no transactions
2025-08-11 16:09:54,663 - INFO - Fetching transactions for entity 100671...
2025-08-11 16:09:55,118 - INFO - Entity 100671: 4 transactions across 1 pages
2025-08-11 16:09:55,118 - INFO - Completed entity 100671: 4 transactions fetched
2025-08-11 16:09:55,119 - INFO - Fetching transactions for entity 100672...
2025-08-11 16:09:56,339 - INFO -   Entity 100622: Fetched page 10/686
2025-08-11 16:09:56,509 - INFO - Entity 100672: 99 transactions across 1 pages
2025-08-11 16:09:56,509 - INFO - Completed entity 100672: 99 transactions fetched
2025-08-11 16:09:56,513 - INFO - Fetching transactions for entity 100674...
2025-08-11 16:09:56,771 - INFO - Entity 100674: 281 transactions across 3 pages
2025-08-11 16:09:56,827 - INFO - Completed entity 100654: 634 transactions fetched
2025-08-11 16:09:56,852 - INFO - Fetching transactions for entity 100675...
2025-08-11 16:09:56,920 - INFO - Completed entity 100650: 829 transactions fetched
2025-08-11 16:09:56,945 - INFO - Fetching transactions for entity 100677...
2025-08-11 16:09:57,351 - INFO - Completed entity 100649: 485 transactions fetched
2025-08-11 16:09:57,367 - INFO - Fetching transactions for entity 100678...
2025-08-11 16:09:57,372 - INFO - Entity 100675: 254 transactions across 3 pages
2025-08-11 16:09:57,542 - INFO - Entity 100678 has no transactions
2025-08-11 16:09:57,542 - INFO - Fetching transactions for entity 100679...
2025-08-11 16:09:57,897 - INFO - Entity 100677: 468 transactions across 5 pages
2025-08-11 16:09:58,119 - INFO - Completed entity 100675: 254 transactions fetched
2025-08-11 16:09:58,128 - INFO - Fetching transactions for entity 100680...
2025-08-11 16:09:58,427 - INFO - Completed entity 100666: 857 transactions fetched
2025-08-11 16:09:58,465 - INFO - Fetching transactions for entity 100682...
2025-08-11 16:09:58,835 - INFO - Entity 100679: 353 transactions across 4 pages
2025-08-11 16:09:59,392 - INFO - Entity 100680: 378 transactions across 4 pages
2025-08-11 16:09:59,575 - INFO - Entity 100682: 642 transactions across 7 pages
2025-08-11 16:10:00,396 - INFO - Completed entity 100680: 378 transactions fetched
2025-08-11 16:10:00,409 - INFO - Fetching transactions for entity 100683...
2025-08-11 16:10:00,477 - INFO - Completed entity 100674: 281 transactions fetched
2025-08-11 16:10:00,488 - INFO - Fetching transactions for entity 100684...
2025-08-11 16:10:00,684 - INFO - Entity 100684 has no transactions
2025-08-11 16:10:00,684 - INFO - Fetching transactions for entity 100686...
2025-08-11 16:10:00,875 - INFO - Completed entity 100679: 353 transactions fetched
2025-08-11 16:10:00,888 - INFO - Fetching transactions for entity 100688...
2025-08-11 16:10:00,996 - INFO - Entity 100688 has no transactions
2025-08-11 16:10:00,996 - INFO - Fetching transactions for entity 100690...
2025-08-11 16:10:01,047 - INFO - Entity 100683: 203 transactions across 3 pages
2025-08-11 16:10:01,104 - INFO - Entity 100690 has no transactions
2025-08-11 16:10:01,105 - INFO - Fetching transactions for entity 100692...
2025-08-11 16:10:01,359 - INFO - Entity 100692 has no transactions
2025-08-11 16:10:01,359 - INFO - Fetching transactions for entity 100695...
2025-08-11 16:10:01,439 - INFO -   Entity 100636: Fetched page 20/23
2025-08-11 16:10:01,441 - INFO - Entity 100686: 77 transactions across 1 pages
2025-08-11 16:10:01,441 - INFO - Completed entity 100686: 77 transactions fetched
2025-08-11 16:10:01,444 - INFO - Fetching transactions for entity 100696...
2025-08-11 16:10:01,464 - INFO -   Entity 100653: Fetched page 10/25
2025-08-11 16:10:01,875 - INFO - Entity 100696 has no transactions
2025-08-11 16:10:01,875 - INFO - Fetching transactions for entity 100699...
2025-08-11 16:10:02,108 - INFO - Entity 100695: 97 transactions across 1 pages
2025-08-11 16:10:02,108 - INFO - Completed entity 100695: 97 transactions fetched
2025-08-11 16:10:02,112 - INFO - Fetching transactions for entity 100702...
2025-08-11 16:10:02,300 - INFO - Entity 100699: 2493 transactions across 25 pages
2025-08-11 16:10:02,541 - INFO - Completed entity 100683: 203 transactions fetched
2025-08-11 16:10:02,549 - INFO - Fetching transactions for entity 100703...
2025-08-11 16:10:02,643 - INFO - Entity 100703 has no transactions
2025-08-11 16:10:02,643 - INFO - Fetching transactions for entity 100704...
2025-08-11 16:10:03,401 - INFO - Entity 100702: 275 transactions across 3 pages
2025-08-11 16:10:04,112 - INFO - Completed entity 100636: 2258 transactions fetched
2025-08-11 16:10:04,175 - INFO - Fetching transactions for entity 100705...
2025-08-11 16:10:04,277 - INFO - Entity 100705 has no transactions
2025-08-11 16:10:04,277 - INFO - Fetching transactions for entity 100706...
2025-08-11 16:10:04,383 - INFO - Entity 100706 has no transactions
2025-08-11 16:10:04,384 - INFO - Fetching transactions for entity 100708...
2025-08-11 16:10:04,481 - INFO - Entity 100708 has no transactions
2025-08-11 16:10:04,481 - INFO - Fetching transactions for entity 100709...
2025-08-11 16:10:04,486 - INFO - Completed entity 100682: 642 transactions fetched
2025-08-11 16:10:04,508 - INFO - Fetching transactions for entity 100710...
2025-08-11 16:10:04,586 - INFO - Entity 100709 has no transactions
2025-08-11 16:10:04,586 - INFO - Fetching transactions for entity 100711...
2025-08-11 16:10:04,600 - INFO - Entity 100710 has no transactions
2025-08-11 16:10:04,601 - INFO - Fetching transactions for entity 100715...
2025-08-11 16:10:04,658 - INFO - Entity 100704: 1076 transactions across 11 pages
2025-08-11 16:10:04,661 - INFO - Completed entity 100702: 275 transactions fetched
2025-08-11 16:10:04,670 - INFO - Fetching transactions for entity 100716...
2025-08-11 16:10:04,684 - INFO - Entity 100711 has no transactions
2025-08-11 16:10:04,684 - INFO - Fetching transactions for entity 100718...
2025-08-11 16:10:04,710 - INFO - Entity 100715 has no transactions
2025-08-11 16:10:04,711 - INFO - Fetching transactions for entity 100719...
2025-08-11 16:10:05,132 - INFO - Entity 100719 has no transactions
2025-08-11 16:10:05,132 - INFO - Fetching transactions for entity 100720...
2025-08-11 16:10:05,238 - INFO - Entity 100720 has no transactions
2025-08-11 16:10:05,238 - INFO - Fetching transactions for entity 100721...
2025-08-11 16:10:05,348 - INFO - Entity 100721 has no transactions
2025-08-11 16:10:05,349 - INFO - Fetching transactions for entity 100722...
2025-08-11 16:10:05,437 - INFO - Entity 100722 has no transactions
2025-08-11 16:10:05,438 - INFO - Fetching transactions for entity 100723...
2025-08-11 16:10:05,607 - INFO - Entity 100723: 20 transactions across 1 pages
2025-08-11 16:10:05,607 - INFO - Completed entity 100723: 20 transactions fetched
2025-08-11 16:10:05,609 - INFO - Fetching transactions for entity 100724...
2025-08-11 16:10:05,830 - INFO - Entity 100724: 317 transactions across 4 pages
2025-08-11 16:10:06,641 - INFO - Entity 100716: 1315 transactions across 14 pages
2025-08-11 16:10:07,929 - INFO -   Entity 100699: Fetched page 10/25
2025-08-11 16:10:08,149 - INFO - Completed entity 100724: 317 transactions fetched
2025-08-11 16:10:08,161 - INFO - Fetching transactions for entity 100725...
2025-08-11 16:10:08,164 - INFO - Entity 100718: 323 transactions across 4 pages
2025-08-11 16:10:08,262 - INFO - Entity 100725 has no transactions
2025-08-11 16:10:08,262 - INFO - Fetching transactions for entity 100729...
2025-08-11 16:10:08,408 - INFO - Entity 100729 has no transactions
2025-08-11 16:10:08,409 - INFO - Fetching transactions for entity 100730...
2025-08-11 16:10:09,118 - INFO -   Entity 100626: Fetched page 20/488
2025-08-11 16:10:09,275 - INFO -   Entity 100653: Fetched page 20/25
2025-08-11 16:10:09,278 - INFO - Entity 100730: 503 transactions across 6 pages
2025-08-11 16:10:09,996 - INFO - Completed entity 100718: 323 transactions fetched
2025-08-11 16:10:10,010 - INFO - Fetching transactions for entity 100733...
2025-08-11 16:10:10,104 - INFO - Entity 100733 has no transactions
2025-08-11 16:10:10,104 - INFO - Fetching transactions for entity 100734...
2025-08-11 16:10:12,238 - INFO - Entity 100734: 136 transactions across 2 pages
2025-08-11 16:10:13,092 - INFO - Completed entity 100734: 136 transactions fetched
2025-08-11 16:10:13,097 - INFO - Fetching transactions for entity 100735...
2025-08-11 16:10:13,105 - INFO - Completed entity 100653: 2480 transactions fetched
2025-08-11 16:10:13,171 - INFO - Fetching transactions for entity 100736...
2025-08-11 16:10:13,297 - INFO - Entity 100736 has no transactions
2025-08-11 16:10:13,297 - INFO - Fetching transactions for entity 100737...
2025-08-11 16:10:13,305 - INFO - Entity 100735: 736 transactions across 8 pages
2025-08-11 16:10:13,371 - INFO - Completed entity 100730: 503 transactions fetched
2025-08-11 16:10:13,388 - INFO - Fetching transactions for entity 100740...
2025-08-11 16:10:13,405 - INFO - Entity 100737: 2 transactions across 1 pages
2025-08-11 16:10:13,406 - INFO - Completed entity 100737: 2 transactions fetched
2025-08-11 16:10:13,406 - INFO - Fetching transactions for entity 100742...
2025-08-11 16:10:13,410 - INFO -   Entity 100716: Fetched page 10/14
2025-08-11 16:10:13,554 - INFO - Entity 100742: 58 transactions across 1 pages
2025-08-11 16:10:13,554 - INFO - Completed entity 100742: 58 transactions fetched
2025-08-11 16:10:13,556 - INFO - Fetching transactions for entity 100743...
2025-08-11 16:10:13,563 - INFO - Entity 100740 has no transactions
2025-08-11 16:10:13,568 - WARNING - Function fetch_entity_transactions failed (attempt 1/6): Server error fetching entity 100704 page 10: Status 502
2025-08-11 16:10:13,570 - INFO - Fetching transactions for entity 100745...
2025-08-11 16:10:13,571 - INFO - Retrying in 0.52 seconds...
2025-08-11 16:10:13,705 - INFO - Entity 100745 has no transactions
2025-08-11 16:10:13,706 - INFO - Fetching transactions for entity 100746...
2025-08-11 16:10:13,856 - INFO - Entity 100746 has no transactions
2025-08-11 16:10:13,856 - INFO - Fetching transactions for entity 100748...
2025-08-11 16:10:14,000 - INFO - Entity 100748 has no transactions
2025-08-11 16:10:14,000 - INFO - Fetching transactions for entity 100752...
2025-08-11 16:10:14,098 - INFO - Entity 100743: 128 transactions across 2 pages
2025-08-11 16:10:14,651 - INFO - Completed entity 100743: 128 transactions fetched
2025-08-11 16:10:14,655 - INFO - Fetching transactions for entity 100753...
2025-08-11 16:10:14,843 - INFO - Entity 100753: 17 transactions across 1 pages
2025-08-11 16:10:14,843 - INFO - Completed entity 100753: 17 transactions fetched
2025-08-11 16:10:14,844 - INFO - Fetching transactions for entity 100754...
2025-08-11 16:10:14,933 - INFO - Entity 100754 has no transactions
2025-08-11 16:10:14,935 - INFO - Fetching transactions for entity 100756...
2025-08-11 16:10:15,539 - INFO - Entity 100752: 1367 transactions across 14 pages
2025-08-11 16:10:15,832 - INFO - Entity 100756 has no transactions
2025-08-11 16:10:15,832 - INFO - Fetching transactions for entity 100758...
2025-08-11 16:10:15,915 - INFO - Completed entity 100677: 468 transactions fetched
2025-08-11 16:10:15,933 - INFO - Fetching transactions for entity 100762...
2025-08-11 16:10:15,972 - INFO -   Entity 100704: Fetched page 10/11
2025-08-11 16:10:16,569 - INFO - Completed entity 100704: 1076 transactions fetched
2025-08-11 16:10:16,630 - INFO - Completed entity 100735: 736 transactions fetched
2025-08-11 16:10:16,642 - INFO - Fetching transactions for entity 100763...
2025-08-11 16:10:16,661 - INFO - Fetching transactions for entity 100764...
2025-08-11 16:10:16,679 - INFO - Entity 100758 has no transactions
2025-08-11 16:10:16,680 - INFO - Fetching transactions for entity 100766...
2025-08-11 16:10:17,026 - INFO - Completed entity 100716: 1315 transactions fetched
2025-08-11 16:10:17,067 - INFO - Fetching transactions for entity 100767...
2025-08-11 16:10:17,094 - INFO - Entity 100763 has no transactions
2025-08-11 16:10:17,094 - INFO - Fetching transactions for entity 100768...
2025-08-11 16:10:17,221 - INFO - Entity 100767 has no transactions
2025-08-11 16:10:17,221 - INFO - Fetching transactions for entity 100771...
2025-08-11 16:10:17,239 - INFO - Entity 100768 has no transactions
2025-08-11 16:10:17,239 - INFO - Fetching transactions for entity 100774...
2025-08-11 16:10:17,309 - INFO - Entity 100771 has no transactions
2025-08-11 16:10:17,309 - INFO - Fetching transactions for entity 100775...
2025-08-11 16:10:17,413 - INFO - Entity 100775 has no transactions
2025-08-11 16:10:17,416 - INFO - Fetching transactions for entity 100781...
2025-08-11 16:10:17,418 - INFO - Entity 100774: 377 transactions across 4 pages
2025-08-11 16:10:17,434 - INFO - Entity 100764 has no transactions
2025-08-11 16:10:17,434 - INFO - Fetching transactions for entity 100782...
2025-08-11 16:10:17,853 - INFO - Entity 100782 has no transactions
2025-08-11 16:10:17,853 - INFO - Fetching transactions for entity 100783...
2025-08-11 16:10:17,964 - INFO - Entity 100762: 14 transactions across 1 pages
2025-08-11 16:10:17,965 - INFO - Completed entity 100762: 14 transactions fetched
2025-08-11 16:10:17,968 - INFO - Fetching transactions for entity 100784...
2025-08-11 16:10:18,103 - INFO - Entity 100784 has no transactions
2025-08-11 16:10:18,103 - INFO - Fetching transactions for entity 100786...
2025-08-11 16:10:19,057 - INFO - Entity 100786: 2097 transactions across 21 pages
2025-08-11 16:10:19,094 - INFO - Entity 100781: 25 transactions across 1 pages
2025-08-11 16:10:19,094 - INFO - Completed entity 100781: 25 transactions fetched
2025-08-11 16:10:19,095 - INFO - Fetching transactions for entity 100792...
2025-08-11 16:10:19,191 - INFO - Entity 100783: 198 transactions across 2 pages
2025-08-11 16:10:19,390 - INFO - Entity 100766: 200 transactions across 2 pages
2025-08-11 16:10:19,536 - INFO - Entity 100792 has no transactions
2025-08-11 16:10:19,536 - INFO - Fetching transactions for entity 100796...
2025-08-11 16:10:19,796 - INFO - Completed entity 100766: 200 transactions fetched
2025-08-11 16:10:19,805 - INFO - Fetching transactions for entity 100798...
2025-08-11 16:10:20,001 - INFO - Entity 100796 has no transactions
2025-08-11 16:10:20,001 - INFO - Fetching transactions for entity 100800...
2025-08-11 16:10:20,030 - INFO - Entity 100798 has no transactions
2025-08-11 16:10:20,030 - INFO - Fetching transactions for entity 100802...
2025-08-11 16:10:20,108 - INFO - Entity 100800 has no transactions
2025-08-11 16:10:20,108 - INFO - Fetching transactions for entity 100803...
2025-08-11 16:10:20,148 - INFO - Completed entity 100774: 377 transactions fetched
2025-08-11 16:10:20,161 - INFO - Fetching transactions for entity 100805...
2025-08-11 16:10:20,189 - INFO - Entity 100802 has no transactions
2025-08-11 16:10:20,189 - INFO - Fetching transactions for entity 100806...
2025-08-11 16:10:20,549 - INFO - Entity 100806: 156 transactions across 2 pages
2025-08-11 16:10:20,598 - INFO - Entity 100803 has no transactions
2025-08-11 16:10:20,599 - INFO - Fetching transactions for entity 100807...
2025-08-11 16:10:20,605 - INFO - Completed entity 100783: 198 transactions fetched
2025-08-11 16:10:20,622 - INFO - Fetching transactions for entity 100811...
2025-08-11 16:10:20,862 - INFO - Completed entity 100806: 156 transactions fetched
2025-08-11 16:10:20,870 - INFO - Fetching transactions for entity 100812...
2025-08-11 16:10:21,436 - INFO - Entity 100807 has no transactions
2025-08-11 16:10:21,436 - INFO - Fetching transactions for entity 100813...
2025-08-11 16:10:21,448 - INFO - Entity 100812: 976 transactions across 10 pages
2025-08-11 16:10:21,988 - INFO - Entity 100811: 2553 transactions across 26 pages
2025-08-11 16:10:22,425 - INFO -   Entity 100699: Fetched page 20/25
2025-08-11 16:10:22,587 - INFO - Entity 100813: 450 transactions across 5 pages
2025-08-11 16:10:23,498 - INFO -   Entity 100752: Fetched page 10/14
2025-08-11 16:10:26,600 - INFO - Completed entity 100813: 450 transactions fetched
2025-08-11 16:10:26,678 - INFO - Fetching transactions for entity 100825...
2025-08-11 16:10:26,773 - INFO -   Entity 100786: Fetched page 10/21
2025-08-11 16:10:26,788 - INFO - Entity 100825 has no transactions
2025-08-11 16:10:26,788 - INFO - Fetching transactions for entity 100826...
2025-08-11 16:10:27,608 - INFO - Completed entity 100699: 2493 transactions fetched
2025-08-11 16:10:27,764 - INFO - Fetching transactions for entity 100827...
2025-08-11 16:10:27,768 - INFO - Completed entity 100752: 1367 transactions fetched
2025-08-11 16:10:27,832 - INFO - Fetching transactions for entity 100830...
2025-08-11 16:10:27,920 - INFO - Entity 100830 has no transactions
2025-08-11 16:10:27,921 - INFO - Fetching transactions for entity 100832...
2025-08-11 16:10:28,227 - INFO - Entity 100832: 288 transactions across 3 pages
2025-08-11 16:10:28,409 - INFO - Entity 100827: 941 transactions across 10 pages
2025-08-11 16:10:28,857 - INFO -   Entity 100626: Fetched page 30/488
2025-08-11 16:10:29,645 - INFO - Completed entity 100832: 288 transactions fetched
2025-08-11 16:10:29,670 - INFO - Fetching transactions for entity 100834...
2025-08-11 16:10:29,807 - INFO - Entity 100834: 16 transactions across 1 pages
2025-08-11 16:10:29,807 - INFO - Completed entity 100834: 16 transactions fetched
2025-08-11 16:10:29,809 - INFO - Fetching transactions for entity 100836...
2025-08-11 16:10:30,691 - INFO - Entity 100826: 62 transactions across 1 pages
2025-08-11 16:10:30,692 - INFO - Completed entity 100826: 62 transactions fetched
2025-08-11 16:10:30,695 - INFO - Fetching transactions for entity 100837...
2025-08-11 16:10:31,821 - INFO -   Entity 100605: Fetched page 10/2342
2025-08-11 16:10:31,904 - INFO - Entity 100837: 1020 transactions across 11 pages
2025-08-11 16:10:32,138 - INFO - Entity 100836: 243 transactions across 3 pages
2025-08-11 16:10:32,578 - INFO -   Entity 100812: Fetched page 10/10
2025-08-11 16:10:32,578 - INFO - Completed entity 100812: 976 transactions fetched
2025-08-11 16:10:32,612 - INFO - Fetching transactions for entity 100838...
2025-08-11 16:10:33,402 - INFO - Entity 100838: 146 transactions across 2 pages
2025-08-11 16:10:33,663 - INFO - Completed entity 100838: 146 transactions fetched
2025-08-11 16:10:33,674 - INFO - Fetching transactions for entity 100839...
2025-08-11 16:10:33,717 - INFO - Completed entity 100836: 243 transactions fetched
2025-08-11 16:10:33,726 - INFO - Fetching transactions for entity 100841...
2025-08-11 16:10:33,935 - INFO - Entity 100839: 327 transactions across 4 pages
2025-08-11 16:10:34,220 - INFO - Entity 100841: 40 transactions across 1 pages
2025-08-11 16:10:34,220 - INFO - Completed entity 100841: 40 transactions fetched
2025-08-11 16:10:34,222 - INFO - Fetching transactions for entity 100844...
2025-08-11 16:10:34,330 - INFO - Entity 100844 has no transactions
2025-08-11 16:10:34,330 - INFO - Fetching transactions for entity 100845...
2025-08-11 16:10:34,762 - INFO -   Entity 100811: Fetched page 10/26
2025-08-11 16:10:35,292 - INFO - Entity 100845: 324 transactions across 4 pages
2025-08-11 16:10:36,254 - INFO -   Entity 100837: Fetched page 10/11
2025-08-11 16:10:36,843 - INFO - Completed entity 100839: 327 transactions fetched
2025-08-11 16:10:36,860 - INFO - Fetching transactions for entity 100846...
2025-08-11 16:10:36,862 - INFO - Completed entity 100837: 1020 transactions fetched
2025-08-11 16:10:36,899 - INFO - Fetching transactions for entity 100847...
2025-08-11 16:10:37,868 - INFO - Entity 100847: 144 transactions across 2 pages
2025-08-11 16:10:37,994 - INFO - Completed entity 100845: 324 transactions fetched
2025-08-11 16:10:38,009 - INFO - Fetching transactions for entity 100849...
2025-08-11 16:10:38,139 - INFO - Entity 100849 has no transactions
2025-08-11 16:10:38,139 - INFO - Fetching transactions for entity 100850...
2025-08-11 16:10:38,271 - INFO - Entity 100805: 375 transactions across 4 pages
2025-08-11 16:10:38,305 - INFO - Entity 100850: 5 transactions across 1 pages
2025-08-11 16:10:38,305 - INFO - Completed entity 100850: 5 transactions fetched
2025-08-11 16:10:38,306 - INFO - Fetching transactions for entity 100851...
2025-08-11 16:10:38,401 - INFO -   Entity 100622: Fetched page 20/686
2025-08-11 16:10:38,623 - INFO - Entity 100851: 360 transactions across 4 pages
2025-08-11 16:10:39,601 - INFO - Entity 100846: 797 transactions across 8 pages
2025-08-11 16:10:39,785 - INFO - Completed entity 100805: 375 transactions fetched
2025-08-11 16:10:39,886 - INFO - Fetching transactions for entity 100855...
2025-08-11 16:10:40,151 - INFO - Completed entity 100851: 360 transactions fetched
2025-08-11 16:10:40,165 - INFO - Fetching transactions for entity 100857...
2025-08-11 16:10:40,328 - INFO - Entity 100855 has no transactions
2025-08-11 16:10:40,328 - INFO - Fetching transactions for entity 100858...
2025-08-11 16:10:40,488 - INFO - Entity 100858: 24 transactions across 1 pages
2025-08-11 16:10:40,489 - INFO - Completed entity 100858: 24 transactions fetched
2025-08-11 16:10:40,492 - INFO - Fetching transactions for entity 100860...
2025-08-11 16:10:40,721 - INFO - Entity 100857: 706 transactions across 8 pages
2025-08-11 16:10:40,828 - INFO - Entity 100860: 5206 transactions across 53 pages
2025-08-11 16:10:42,854 - INFO -   Entity 100811: Fetched page 20/26
